app/seeds.txt
com.zjrt.xuekaotong.MainActivity
com.zjrt.xuekaotong.MainActivity: MainActivity()
com.zjrt.xuekaotong.R$anim
com.zjrt.xuekaotong.R$anim: int abc_fade_in
com.zjrt.xuekaotong.R$anim: int abc_fade_out
com.zjrt.xuekaotong.R$anim: int abc_grow_fade_in_from_bottom
com.zjrt.xuekaotong.R$anim: int abc_popup_enter
com.zjrt.xuekaotong.R$anim: int abc_popup_exit
com.zjrt.xuekaotong.R$anim: int abc_shrink_fade_out_from_bottom
com.zjrt.xuekaotong.R$anim: int abc_slide_in_bottom
com.zjrt.xuekaotong.R$anim: int abc_slide_in_top
com.zjrt.xuekaotong.R$anim: int abc_slide_out_bottom
com.zjrt.xuekaotong.R$anim: int abc_slide_out_top
com.zjrt.xuekaotong.R$anim: int design_fab_in
com.zjrt.xuekaotong.R$anim: int design_fab_out
com.zjrt.xuekaotong.R$anim: int design_snackbar_in
com.zjrt.xuekaotong.R$anim: int design_snackbar_out
com.zjrt.xuekaotong.R$anim: R$anim()
com.zjrt.xuekaotong.R$animator
com.zjrt.xuekaotong.R$animator: int loading_animation
com.zjrt.xuekaotong.R$animator: R$animator()
com.zjrt.xuekaotong.R$array
com.zjrt.xuekaotong.R$array: int cities_data
com.zjrt.xuekaotong.R$array: R$array()
com.zjrt.xuekaotong.R$attr
com.zjrt.xuekaotong.R$attr: int actionBarDivider
com.zjrt.xuekaotong.R$attr: int actionBarItemBackground
com.zjrt.xuekaotong.R$attr: int actionBarPopupTheme
com.zjrt.xuekaotong.R$attr: int actionBarSize
com.zjrt.xuekaotong.R$attr: int actionBarSplitStyle
com.zjrt.xuekaotong.R$attr: int actionBarStyle
com.zjrt.xuekaotong.R$attr: int actionBarTabBarStyle
com.zjrt.xuekaotong.R$attr: int actionBarTabStyle
com.zjrt.xuekaotong.R$attr: int actionBarTabTextStyle
com.zjrt.xuekaotong.R$attr: int actionBarTheme
com.zjrt.xuekaotong.R$attr: int actionBarWidgetTheme
com.zjrt.xuekaotong.R$attr: int actionButtonStyle
com.zjrt.xuekaotong.R$attr: int actionDropDownStyle
com.zjrt.xuekaotong.R$attr: int actionLayout
com.zjrt.xuekaotong.R$attr: int actionMenuTextAppearance
com.zjrt.xuekaotong.R$attr: int actionMenuTextColor
com.zjrt.xuekaotong.R$attr: int actionModeBackground
com.zjrt.xuekaotong.R$attr: int actionModeCloseButtonStyle
com.zjrt.xuekaotong.R$attr: int actionModeCloseDrawable
com.zjrt.xuekaotong.R$attr: int actionModeCopyDrawable
com.zjrt.xuekaotong.R$attr: int actionModeCutDrawable
com.zjrt.xuekaotong.R$attr: int actionModeFindDrawable
com.zjrt.xuekaotong.R$attr: int actionModePasteDrawable
com.zjrt.xuekaotong.R$attr: int actionModePopupWindowStyle
com.zjrt.xuekaotong.R$attr: int actionModeSelectAllDrawable
com.zjrt.xuekaotong.R$attr: int actionModeShareDrawable
com.zjrt.xuekaotong.R$attr: int actionModeSplitBackground
com.zjrt.xuekaotong.R$bool
com.zjrt.xuekaotong.R$bool: int abc_action_bar_embed_tabs
com.zjrt.xuekaotong.R$bool: int abc_action_bar_embed_tabs_pre_jb
com.zjrt.xuekaotong.R$bool: int abc_action_bar_expanded_action_views_exclusive
com.zjrt.xuekaotong.R$bool: int abc_allow_stacked_button_bar
com.zjrt.xuekaotong.R$bool: int abc_config_actionMenuItemAllCaps
com.zjrt.xuekaotong.R$bool: int abc_config_allowActionMenuItemTextWithIcon
com.zjrt.xuekaotong.R$bool: int abc_config_closeDialogWhenTouchOutside
com.zjrt.xuekaotong.R$bool: int abc_config_showMenuShortcutsWhenKeyboardPresent
com.zjrt.xuekaotong.R$bool: R$bool()
...
org.apache.commons.httpclient.util.ParameterFormatter
org.apache.commons.httpclient.util.ParameterFormatter: char[] SEPARATORS
org.apache.commons.httpclient.util.ParameterFormatter: char[] UNSAFE_CHARS
org.apache.commons.httpclient.util.ParameterFormatter: boolean alwaysUseQuotes
org.apache.commons.httpclient.util.ParameterFormatter: ParameterFormatter()
org.apache.commons.httpclient.util.ParameterFormatter: boolean isOneOf(char[],char)
org.apache.commons.httpclient.util.ParameterFormatter: boolean isUnsafeChar(char)
org.apache.commons.httpclient.util.ParameterFormatter: boolean isSeparator(char)
org.apache.commons.httpclient.util.ParameterFormatter: boolean isAlwaysUseQuotes()
org.apache.commons.httpclient.util.ParameterFormatter: void setAlwaysUseQuotes(boolean)
org.apache.commons.httpclient.util.ParameterFormatter: void formatValue(java.lang.StringBuffer,java.lang.String,boolean)
org.apache.commons.httpclient.util.ParameterFormatter: void format(java.lang.StringBuffer,org.apache.commons.httpclient.NameValuePair)
org.apache.commons.httpclient.util.ParameterFormatter: java.lang.String format(org.apache.commons.httpclient.NameValuePair)
org.apache.commons.httpclient.util.ParameterFormatter: void <clinit>()
org.apache.commons.httpclient.util.ParameterParser
org.apache.commons.httpclient.util.ParameterParser: char[] chars
org.apache.commons.httpclient.util.ParameterParser: int pos
org.apache.commons.httpclient.util.ParameterParser: int len
org.apache.commons.httpclient.util.ParameterParser: int i1
org.apache.commons.httpclient.util.ParameterParser: int i2
org.apache.commons.httpclient.util.ParameterParser: ParameterParser()
org.apache.commons.httpclient.util.ParameterParser: boolean hasChar()
org.apache.commons.httpclient.util.ParameterParser: java.lang.String getToken(boolean)
org.apache.commons.httpclient.util.ParameterParser: boolean isOneOf(char,char[])
org.apache.commons.httpclient.util.ParameterParser: java.lang.String parseToken(char[])
org.apache.commons.httpclient.util.ParameterParser: java.lang.String parseQuotedToken(char[])
org.apache.commons.httpclient.util.ParameterParser: java.util.List parse(java.lang.String,char)
org.apache.commons.httpclient.util.ParameterParser: java.util.List parse(char[],char)
org.apache.commons.httpclient.util.ParameterParser: java.util.List parse(char[],int,int,char)
org.apache.commons.httpclient.util.TimeoutController
org.apache.commons.httpclient.util.TimeoutController: TimeoutController()
org.apache.commons.httpclient.util.TimeoutController: void execute(java.lang.Thread,long)
org.apache.commons.httpclient.util.TimeoutController: void execute(java.lang.Runnable,long)
org.apache.commons.httpclient.util.TimeoutController$TimeoutException
org.apache.commons.httpclient.util.TimeoutController$TimeoutException: TimeoutController$TimeoutException()