app/mapping.txt
com.zjrt.xuekaotong.CreateDialog -> com.zjrt.xuekaotong.a:
    android.app.Dialog createLoadingDialog(android.content.Context,java.lang.String) -> a
com.zjrt.xuekaotong.MainActivity -> com.zjrt.xuekaotong.MainActivity:
    android.widget.RadioButton bt1 -> i
    android.widget.RadioButton bt2 -> j
    android.widget.RadioButton bt3 -> k
    android.widget.RadioButton bt4 -> l
    android.widget.RadioButton bt5 -> m
    android.widget.RadioGroup choosePager -> n
    com.zjrt.xuekaotong.fragment.HomeFragment home -> o
    com.zjrt.xuekaotong.fragment.QuestionFragment question -> p
    com.zjrt.xuekaotong.fragment.ShouyeFragment shouye -> q
    com.zjrt.xuekaotong.fragment.TeacherFragment teacher -> r
    com.zjrt.xuekaotong.fragment.VideoFragment video -> s
    android.support.v4.app.FragmentManager manager -> t
    android.support.v4.app.FragmentTransaction transaction -> u
    void <init>() -> <init>
    void onCreate(android.os.Bundle) -> onCreate
    void init() -> k
    void onCheckedChanged(android.widget.RadioGroup,int) -> onCheckedChanged
    void showFragment(int) -> a
    void hideFragments(android.support.v4.app.FragmentTransaction) -> a
    void onSaveInstanceState(android.os.Bundle,android.os.PersistableBundle) -> onSaveInstanceState
com.zjrt.xuekaotong.R -> com.zjrt.xuekaotong.R:
com.zjrt.xuekaotong.R$anim -> com.zjrt.xuekaotong.R$anim:
    int abc_fade_in -> abc_fade_in
    int abc_fade_out -> abc_fade_out
    int abc_grow_fade_in_from_bottom -> abc_grow_fade_in_from_bottom
    int abc_popup_enter -> abc_popup_enter
    int abc_popup_exit -> abc_popup_exit
    int abc_shrink_fade_out_from_bottom -> abc_shrink_fade_out_from_bottom
    int abc_slide_in_bottom -> abc_slide_in_bottom
    int abc_slide_in_top -> abc_slide_in_top
    int abc_slide_out_bottom -> abc_slide_out_bottom
    int abc_slide_out_top -> abc_slide_out_top
    int design_fab_in -> design_fab_in
    int design_fab_out -> design_fab_out
    int design_snackbar_in -> design_snackbar_in
    int design_snackbar_out -> design_snackbar_out
    void <init>() -> <init>
com.zjrt.xuekaotong.R$animator -> com.zjrt.xuekaotong.R$animator:
    int loading_animation -> loading_animation
    void <init>() -> <init>
com.zjrt.xuekaotong.R$array -> com.zjrt.xuekaotong.R$array:
    int cities_data -> cities_data
    void <init>() -> <init>
com.zjrt.xuekaotong.R$attr -> com.zjrt.xuekaotong.R$attr:
    int actionBarDivider -> actionBarDivider
    int actionBarItemBackground -> actionBarItemBackground
    int actionBarPopupTheme -> actionBarPopupTheme
    int actionBarSize -> actionBarSize
    int actionBarSplitStyle -> actionBarSplitStyle
    int actionBarStyle -> actionBarStyle
    int actionBarTabBarStyle -> actionBarTabBarStyle
    int actionBarTabStyle -> actionBarTabStyle
    int actionBarTabTextStyle -> actionBarTabTextStyle
    int actionBarTheme -> actionBarTheme
    int actionBarWidgetTheme -> actionBarWidgetTheme
    int actionButtonStyle -> actionButtonStyle
    int actionDropDownStyle -> actionDropDownStyle
    int actionLayout -> actionLayout
    int actionMenuTextAppearance -> actionMenuTextAppearance
    int actionMenuTextColor -> actionMenuTextColor
    int actionModeBackground -> actionModeBackground
    int actionModeCloseButtonStyle -> actionModeCloseButtonStyle
    int actionModeCloseDrawable -> actionModeCloseDrawable
    int actionModeCopyDrawable -> actionModeCopyDrawable
    int actionModeCutDrawable -> actionModeCutDrawable
    int actionModeFindDrawable -> actionModeFindDrawable
    int actionModePasteDrawable -> actionModePasteDrawable
    int actionModePopupWindowStyle -> actionModePopupWindowStyle
    int actionModeSelectAllDrawable -> actionModeSelectAllDrawable
    int actionModeShareDrawable -> actionModeShareDrawable
    int actionModeSplitBackground -> actionModeSplitBackground
...
com.squareup.okhttp.internal.http.RequestLine -> com.squareup.okhttp.internal.http.RequestLine:
    void <init>() -> <init>
    java.lang.String get(com.squareup.okhttp.Request,java.net.Proxy$Type,com.squareup.okhttp.Protocol) -> get
    boolean includeAuthorityInRequestLine(com.squareup.okhttp.Request,java.net.Proxy$Type) -> includeAuthorityInRequestLine
    java.lang.String requestPath(java.net.URL) -> requestPath
    java.lang.String version(com.squareup.okhttp.Protocol) -> version
com.squareup.okhttp.internal.http.RetryableSink -> com.squareup.okhttp.internal.http.RetryableSink:
    boolean closed -> closed
    int limit -> limit
    okio.Buffer content -> content
    void <init>(int) -> <init>
    void <init>() -> <init>
    void close() -> close
    void write(okio.Buffer,long) -> write
    void flush() -> flush
    okio.Timeout timeout() -> timeout
    long contentLength() -> contentLength
    void writeToSocket(okio.Sink) -> writeToSocket
com.squareup.okhttp.internal.http.RouteSelector -> com.squareup.okhttp.internal.http.RouteSelector:
    com.squareup.okhttp.Address address -> address
    java.net.URI uri -> uri
    com.squareup.okhttp.internal.Network network -> network
    com.squareup.okhttp.OkHttpClient client -> client
    java.net.ProxySelector proxySelector -> proxySelector
    com.squareup.okhttp.ConnectionPool pool -> pool
    com.squareup.okhttp.internal.RouteDatabase routeDatabase -> routeDatabase
    com.squareup.okhttp.Request request -> request
    java.net.Proxy lastProxy -> lastProxy
    java.net.InetSocketAddress lastInetSocketAddress -> lastInetSocketAddress
    com.squareup.okhttp.ConnectionSpec lastSpec -> lastSpec
    java.util.List proxies -> proxies
    int nextProxyIndex -> nextProxyIndex
    java.util.List inetSocketAddresses -> inetSocketAddresses
    int nextInetSocketAddressIndex -> nextInetSocketAddressIndex
    java.util.List connectionSpecs -> connectionSpecs
    int nextSpecIndex -> nextSpecIndex
    java.util.List postponedRoutes -> postponedRoutes
    void <init>(com.squareup.okhttp.Address,java.net.URI,com.squareup.okhttp.OkHttpClient,com.squareup.okhttp.Request) -> <init>
    com.squareup.okhttp.internal.http.RouteSelector get(com.squareup.okhttp.Request,com.squareup.okhttp.OkHttpClient) -> get
    boolean hasNext() -> hasNext
    com.squareup.okhttp.Connection next(com.squareup.okhttp.internal.http.HttpEngine) -> next
com.squareup.okhttp.internal.http.SpdyTransport -> com.squareup.okhttp.internal.http.SpdyTransport:
    java.util.List SPDY_3_PROHIBITED_HEADERS -> SPDY_3_PROHIBITED_HEADERS
    java.util.List HTTP_2_PROHIBITED_HEADERS -> HTTP_2_PROHIBITED_HEADERS
    com.squareup.okhttp.internal.http.HttpEngine httpEngine -> httpEngine
    com.squareup.okhttp.internal.spdy.SpdyConnection spdyConnection -> spdyConnection
    com.squareup.okhttp.internal.spdy.SpdyStream stream -> stream
    void <init>(com.squareup.okhttp.internal.http.HttpEngine,com.squareup.okhttp.internal.spdy.SpdyConnection) -> <init>
    okio.Sink createRequestBody(com.squareup.okhttp.Request,long) -> createRequestBody
    void writeRequestHeaders(com.squareup.okhttp.Request) -> writeRequestHeaders
    void writeRequestBody(com.squareup.okhttp.internal.http.RetryableSink) -> writeRequestBody
    void flushRequest() -> flushRequest
    com.squareup.okhttp.Response$Builder readResponseHeaders() -> readResponseHeaders
    java.util.List writeNameValueBlock(com.squareup.okhttp.Request,com.squareup.okhttp.Protocol,java.lang.String) -> writeNameValueBlock
    java.lang.String joinOnNull(java.lang.String,java.lang.String) -> joinOnNull
    com.squareup.okhttp.Response$Builder readNameValueBlock(java.util.List,com.squareup.okhttp.Protocol) -> readNameValueBlock
    void emptyTransferStream() -> emptyTransferStream
    okio.Source getTransferStream(com.squareup.okhttp.internal.http.CacheRequest) -> getTransferStream