app/unused.txt
com.zjrt.xuekaotong.BuildConfig
com.zjrt.xuekaotong.CreateDialog:
    19:20:public CreateDialog()
com.zjrt.xuekaotong.R:
    10:3283:public R()
com.zjrt.xuekaotong.ablesky.TypeDef
com.zjrt.xuekaotong.activity.SetActivity:
    private boolean flag
com.zjrt.xuekaotong.activity.SplashActivity:
    private static final int GO_HOME
    private static final int GO_GUIDE
    private static final long SPLASH_DELAY_MILLIS
    private static final java.lang.String SHAREDPREFERENCES_NAME
com.zjrt.xuekaotong.activity.TeacherDetail:
    private com.zjrt.xuekaotong.model.Teacher teacher
com.zjrt.xuekaotong.adapter.CityAdapter
com.zjrt.xuekaotong.adapter.CityAdapter$ViewHolder
com.zjrt.xuekaotong.adapter.Fenlei_1Adapter:
    30:35:public void addAll(java.util.List,boolean)
com.zjrt.xuekaotong.adapter.Fenlei_2Adapter:
    21:23:public Fenlei_2Adapter(android.content.Context)
    30:35:public void addAll(java.util.List,boolean)
com.zjrt.xuekaotong.adapter.GuideImgAdapter:
    private static final java.lang.String SHAREDPREFERENCES_NAME
com.zjrt.xuekaotong.adapter.ShouyeTeacherAdapter
com.zjrt.xuekaotong.adapter.ShouyeTeacherAdapter$ViewHolder
com.zjrt.xuekaotong.adapter.TeacherFenleiAdapter
com.zjrt.xuekaotong.adapter.TeacherFenleiAdapter$ViewHolder
com.zjrt.xuekaotong.adapter.ViewPagerAdapter
com.zjrt.xuekaotong.citylist.CharacterParser:
    private java.lang.String resource
    112:112:public java.lang.String getResource()
    116:117:public void setResource(java.lang.String)
    180:180:public java.lang.String getSpelling()
com.zjrt.xuekaotong.citylist.LocationMainActivity:
    private android.widget.GridView hot_city
com.zjrt.xuekaotong.citylist.Setting:
    14:14:public Setting()
    18:19:public static java.lang.String LoadFromSharedPreferences(android.content.Context,java.lang.String)
com.zjrt.xuekaotong.citylist.SortAdapter:
    114:119:private java.lang.String getAlpha(java.lang.String)
com.zjrt.xuekaotong.fragment.CacheUndone$DownloadAdapter:
    boolean flag
com.zjrt.xuekaotong.fragment.TeacherFragment:
    private com.zjrt.xuekaotong.fragment.TeacherFenleiFragment teacherFenleiFragment
com.zjrt.xuekaotong.fragment.VideoFragment:
    private android.view.LayoutInflater mInflater
com.zjrt.xuekaotong.model.BankCard:
    18:18:public java.lang.String getCardImg()
    22:23:public void setCardImg(java.lang.String)
    30:31:public void setNum(java.lang.String)
    38:39:public void setBank(java.lang.String)
com.zjrt.xuekaotong.model.BuiltUser
com.zjrt.xuekaotong.model.Charge:
    26:27:public void setType(int)
    30:30:public java.lang.String getCash()
    34:35:public void setCash(java.lang.String)
    38:38:public java.lang.String getDate()
    42:43:public void setDate(java.lang.String)
    46:46:public java.lang.String getNum()
    50:51:public void setNum(java.lang.String)
com.zjrt.xuekaotong.model.Coupon:
    24:25:public void setType(java.lang.String)
    32:33:public void setValue(java.lang.String)
    40:41:public void setMax_num(java.lang.String)
    48:49:public void setTime(java.lang.String)
com.zjrt.xuekaotong.model.Course:
    private java.lang.String size
    12:12:public java.lang.String getSize()
    16:17:public void setSize(java.lang.String)
    27:31:public Course(java.lang.String,java.lang.String,java.lang.String)
    38:39:public void setId(java.lang.String)
    46:47:public void setTitle(java.lang.String)
com.zjrt.xuekaotong.model.Icon:
    private java.lang.String image_url
    25:26:public void setTitle(java.lang.String)
    33:34:public void setIcon_num(java.lang.String)
    41:42:public void setExchanged_num(java.lang.String)
    49:50:public void setPrice(java.lang.String)
    53:53:public java.lang.String getImage_url()
    57:58:public void setImage_url(java.lang.String)
com.zjrt.xuekaotong.model.Message:
    23:24:public void setRecTime(java.lang.String)
    31:32:public void setContent(java.lang.String)
...
android.support.design.widget.ViewOffsetBehavior:
    71:76:public boolean setLeftAndRightOffset(int)
    84:84:public int getLeftAndRightOffset()
android.support.design.widget.ViewOffsetHelper:
    109:109:public int getLeftAndRightOffset()
android.support.design.widget.ViewUtils:
    22:45:ViewUtils()
android.support.design.widget.ViewUtilsLollipop:
    22:22:ViewUtilsLollipop()
android.support.v4.BuildConfig
android.support.v4.accessibilityservice.AccessibilityServiceInfoCompat
android.support.v4.accessibilityservice.AccessibilityServiceInfoCompat$AccessibilityServiceInfoIcsImpl
android.support.v4.accessibilityservice.AccessibilityServiceInfoCompat$AccessibilityServiceInfoJellyBeanMr2
android.support.v4.accessibilityservice.AccessibilityServiceInfoCompat$AccessibilityServiceInfoStubImpl
android.support.v4.accessibilityservice.AccessibilityServiceInfoCompat$AccessibilityServiceInfoVersionImpl
android.support.v4.accessibilityservice.AccessibilityServiceInfoCompatIcs
android.support.v4.accessibilityservice.AccessibilityServiceInfoCompatJellyBeanMr2
android.support.v4.animation.AnimatorCompatHelper:
    35:35:public static android.support.v4.animation.ValueAnimatorCompat emptyValueAnimator()
    38:40:AnimatorCompatHelper()
android.support.v4.animation.AnimatorListenerCompat
android.support.v4.animation.AnimatorProvider:
    public abstract android.support.v4.animation.ValueAnimatorCompat emptyValueAnimator()
android.support.v4.animation.AnimatorUpdateListenerCompat
android.support.v4.animation.DonutAnimatorCompatProvider:
    35:35:public android.support.v4.animation.ValueAnimatorCompat emptyValueAnimator()
android.support.v4.animation.DonutAnimatorCompatProvider$DonutFloatValueAnimator
android.support.v4.animation.DonutAnimatorCompatProvider$DonutFloatValueAnimator$1
android.support.v4.animation.HoneycombMr1AnimatorCompatProvider:
    39:39:public android.support.v4.animation.ValueAnimatorCompat emptyValueAnimator()
android.support.v4.animation.HoneycombMr1AnimatorCompatProvider$AnimatorListenerCompatWrapper
android.support.v4.animation.HoneycombMr1AnimatorCompatProvider$HoneycombValueAnimatorCompat
android.support.v4.animation.HoneycombMr1AnimatorCompatProvider$HoneycombValueAnimatorCompat$1
android.support.v4.animation.ValueAnimatorCompat
android.support.v4.app.ActionBarDrawerToggle
android.support.v4.app.ActionBarDrawerToggle$1
android.support.v4.app.ActionBarDrawerToggle$ActionBarDrawerToggleImpl
android.support.v4.app.ActionBarDrawerToggle$ActionBarDrawerToggleImplBase
android.support.v4.app.ActionBarDrawerToggle$ActionBarDrawerToggleImplHC
android.support.v4.app.ActionBarDrawerToggle$ActionBarDrawerToggleImplJellybeanMR2
android.support.v4.app.ActionBarDrawerToggle$Delegate
android.support.v4.app.ActionBarDrawerToggle$DelegateProvider
android.support.v4.app.ActionBarDrawerToggle$SlideDrawable
android.support.v4.app.ActionBarDrawerToggleHoneycomb
android.support.v4.app.ActionBarDrawerToggleHoneycomb$SetIndicatorInfo
android.support.v4.app.ActionBarDrawerToggleJellybeanMR2